<?xml version="1.0" encoding="UTF-8"?>
<robot generator="Robot 5.0.1 (Python 3.7.5 on linux)" generated="20220627 10:16:35.774" rpa="true" schemaversion="3">
<suite id="s1" name="Tasks" source="/home/maaofficial/Documents/Automation/RobotFramework/test_robot/tasks.robot">
<test id="s1-t1" name="Main" line="55">
<kw name="Open Available Browser" library="RPA.Browser.Selenium">
<doc>Attempts to open a browser on the user's device from a set of
supported browsers. Automatically downloads a corresponding webdriver
if none is already installed.</doc>
<msg timestamp="20220627 10:16:38.148" level="INFO">Creating an instance of the Chrome WebDriver.</msg>
<msg timestamp="20220627 10:16:38.185" level="INFO">Created download root directory: /home/maaofficial/.robocorp/webdrivers</msg>
<msg timestamp="20220627 10:16:38.187" level="INFO">Created symlink directory: /home/maaofficial/.robocorp/webdrivers</msg>
<msg timestamp="20220627 10:16:38.189" level="INFO">Creating an instance of the Chrome WebDriver.</msg>
<msg timestamp="20220627 10:16:40.343" level="INFO">Created Chrome browser with arguments: --disable-dev-shm-usage --disable-web-security --allow-running-insecure-content --no-sandbox</msg>
<msg timestamp="20220627 10:16:40.344" level="INFO" html="true">&lt;p&gt;Attempted combinations:&lt;/p&gt;&lt;div class="doc"&gt;&lt;table&gt;&lt;tr&gt;&lt;th&gt;Browser&lt;/th&gt;&lt;th&gt;Download&lt;/th&gt;&lt;th&gt;Error&lt;/th&gt;&lt;/tr&gt;&lt;tr&gt;&lt;td&gt;Chrome&lt;/td&gt;&lt;td&gt;False&lt;/td&gt;&lt;td&gt;Message: 'chromedriver' executable needs to be in PATH. Please see https://sites.google.com/a/chromium.org/chromedriver/home
&lt;/td&gt;&lt;/tr&gt;&lt;tr&gt;&lt;td&gt;Chrome&lt;/td&gt;&lt;td&gt;True&lt;/td&gt;&lt;td&gt;&lt;/td&gt;&lt;/tr&gt;&lt;/table&gt;&lt;/div&gt;</msg>
<status status="PASS" starttime="20220627 10:16:38.146" endtime="20220627 10:16:40.345"/>
</kw>
<kw name="Read Excel">
<kw name="Open Workbook" library="RPA.Excel.Files">
<arg>/home/maaofficial/Documents/test_escape_list.xlsx</arg>
<doc>Open an existing Excel workbook.</doc>
<msg timestamp="20220627 10:16:40.411" level="INFO">Opened workbook: &lt;RPA.Excel.Files.XlsxWorkbook object at 0x7f8ed7924690&gt;</msg>
<status status="PASS" starttime="20220627 10:16:40.360" endtime="20220627 10:16:40.416"/>
</kw>
<kw name="Read Worksheet" library="RPA.Excel.Files">
<var>${list}</var>
<arg>header=true</arg>
<doc>Read the content of a worksheet into a list of dictionaries.</doc>
<msg timestamp="20220627 10:16:40.427" level="INFO">${list} = [{'make': 'Tesla', 'model': 'Model 3', 'max_km': 20000}, {'make': 'Ford', 'model': 'Mustang', 'max_km': 60000}, {'make': 'Porsche', 'model': 911, 'max_km': 20000}]</msg>
<status status="PASS" starttime="20220627 10:16:40.424" endtime="20220627 10:16:40.427"/>
</kw>
<kw name="Log To Console" library="BuiltIn">
<arg>${list}</arg>
<doc>Logs the given message to the console.</doc>
<status status="PASS" starttime="20220627 10:16:40.428" endtime="20220627 10:16:40.435"/>
</kw>
<kw name="Close Workbook" library="RPA.Excel.Files">
<doc>Close the active workbook.</doc>
<msg timestamp="20220627 10:16:40.438" level="INFO">Closing workbook: &lt;RPA.Excel.Files.XlsxWorkbook object at 0x7f8ed7924690&gt;</msg>
<status status="PASS" starttime="20220627 10:16:40.436" endtime="20220627 10:16:40.439"/>
</kw>
<for flavor="IN">
<var>${index}</var>
<value>@{list}</value>
<iter>
<var name="${index}">{'make': 'Tesla', 'model': 'Model 3', 'max_km': 20000}</var>
<kw name="Search Car">
<arg>${index}</arg>
<kw name="Go To" library="RPA.Browser.Selenium">
<arg>%{C_URL}</arg>
<doc>Navigates the current browser window to the provided ``url``.</doc>
<msg timestamp="20220627 10:16:40.449" level="INFO">Opening url 'https://carvago.com/'</msg>
<status status="PASS" starttime="20220627 10:16:40.444" endtime="20220627 10:16:52.328"/>
</kw>
<kw name="Maximize Browser Window" library="RPA.Browser.Selenium">
<doc>Maximizes current browser window.</doc>
<status status="PASS" starttime="20220627 10:16:52.329" endtime="20220627 10:16:52.860"/>
</kw>
<kw name="Wait Until Element Is Visible" library="RPA.Browser.Selenium">
<arg>xpath:/html/body/div[1]/div/main/div[1]/div[1]/div[1]/div/div[1]/form/div[1]/div[1]/div/div/div/div/div[1]/div[2]</arg>
<doc>Waits until the element ``locator`` is visible.</doc>
<status status="PASS" starttime="20220627 10:16:52.860" endtime="20220627 10:16:53.911"/>
</kw>
<kw name="Click Element" library="RPA.Browser.Selenium">
<arg>xpath:/html/body/div[1]/div/main/div[1]/div[1]/div[1]/div/div[1]/form/div[1]/div[1]/div/div/div/div/div[1]/div[2]</arg>
<doc>Click the element identified by ``locator``.</doc>
<msg timestamp="20220627 10:16:53.913" level="INFO">Clicking element 'xpath:/html/body/div[1]/div/main/div[1]/div[1]/div[1]/div/div[1]/form/div[1]/div[1]/div/div/div/div/div[1]/div[2]'.</msg>
<status status="PASS" starttime="20220627 10:16:53.912" endtime="20220627 10:16:54.242"/>
</kw>
<kw name="Press Keys" library="RPA.Browser.Selenium">
<arg>NONE</arg>
<arg>${index}[make]</arg>
<doc>Simulates the user pressing key(s) to an element or on the active browser.</doc>
<msg timestamp="20220627 10:16:54.246" level="INFO">Sending key(s) ('Tesla',) to page.</msg>
<msg timestamp="20220627 10:16:54.248" level="INFO">Sending keys Tesla</msg>
<status status="PASS" starttime="20220627 10:16:54.244" endtime="20220627 10:16:54.896"/>
</kw>
<kw name="Sleep" library="BuiltIn">
<arg>333ms</arg>
<doc>Pauses the test executed for the given time.</doc>
<msg timestamp="20220627 10:16:55.240" level="INFO">Slept 333 milliseconds</msg>
<status status="PASS" starttime="20220627 10:16:54.897" endtime="20220627 10:16:55.241"/>
</kw>
<kw name="Press Keys" library="RPA.Browser.Selenium">
<arg>NONE</arg>
<arg>TAB</arg>
<doc>Simulates the user pressing key(s) to an element or on the active browser.</doc>
<msg timestamp="20220627 10:16:55.244" level="INFO">Sending key(s) ('TAB',) to page.</msg>
<msg timestamp="20220627 10:16:55.249" level="INFO">Pressing special key TAB to browser.</msg>
<msg timestamp="20220627 10:16:55.251" level="INFO">Releasing special key TAB.</msg>
<status status="PASS" starttime="20220627 10:16:55.242" endtime="20220627 10:16:55.483"/>
</kw>
<kw name="Click Element" library="RPA.Browser.Selenium">
<arg>xpath:/html/body/div[1]/div/main/div[1]/div[1]/div[1]/div/div[1]/form/div[1]/div[2]/div/div</arg>
<doc>Click the element identified by ``locator``.</doc>
<msg timestamp="20220627 10:16:55.488" level="INFO">Clicking element 'xpath:/html/body/div[1]/div/main/div[1]/div[1]/div[1]/div/div[1]/form/div[1]/div[2]/div/div'.</msg>
<status status="PASS" starttime="20220627 10:16:55.485" endtime="20220627 10:16:56.044"/>
</kw>
<kw name="Sleep" library="BuiltIn">
<arg>500ms</arg>
<doc>Pauses the test executed for the given time.</doc>
<msg timestamp="20220627 10:16:56.548" level="INFO">Slept 500 milliseconds</msg>
<status status="PASS" starttime="20220627 10:16:56.045" endtime="20220627 10:16:56.549"/>
</kw>
<kw name="Press Keys" library="RPA.Browser.Selenium">
<arg>NONE</arg>
<arg>${index}[model]</arg>
<doc>Simulates the user pressing key(s) to an element or on the active browser.</doc>
<msg timestamp="20220627 10:16:56.552" level="INFO">Sending key(s) ('Model 3',) to page.</msg>
<msg timestamp="20220627 10:16:56.558" level="INFO">Sending keys Model 3</msg>
<status status="PASS" starttime="20220627 10:16:56.550" endtime="20220627 10:16:57.133"/>
</kw>
<kw name="Sleep" library="BuiltIn">
<arg>333ms</arg>
<doc>Pauses the test executed for the given time.</doc>
<msg timestamp="20220627 10:16:57.470" level="INFO">Slept 333 milliseconds</msg>
<status status="PASS" starttime="20220627 10:16:57.135" endtime="20220627 10:16:57.470"/>
</kw>
<kw name="Press Keys" library="RPA.Browser.Selenium">
<arg>NONE</arg>
<arg>TAB</arg>
<doc>Simulates the user pressing key(s) to an element or on the active browser.</doc>
<msg timestamp="20220627 10:16:57.473" level="INFO">Sending key(s) ('TAB',) to page.</msg>
<msg timestamp="20220627 10:16:57.474" level="INFO">Pressing special key TAB to browser.</msg>
<msg timestamp="20220627 10:16:57.475" level="INFO">Releasing special key TAB.</msg>
<status status="PASS" starttime="20220627 10:16:57.471" endtime="20220627 10:16:57.696"/>
</kw>
<kw name="Click Element" library="RPA.Browser.Selenium">
<arg>xpath:/html/body/div[1]/div/main/div[1]/div[1]/div[1]/div/div[1]/form/div[1]/div[3]/div/div/input</arg>
<doc>Click the element identified by ``locator``.</doc>
<msg timestamp="20220627 10:16:57.700" level="INFO">Clicking element 'xpath:/html/body/div[1]/div/main/div[1]/div[1]/div[1]/div/div[1]/form/div[1]/div[3]/div/div/input'.</msg>
<status status="PASS" starttime="20220627 10:16:57.698" endtime="20220627 10:16:58.256"/>
</kw>
<kw name="Sleep" library="BuiltIn">
<arg>500ms</arg>
<doc>Pauses the test executed for the given time.</doc>
<msg timestamp="20220627 10:16:58.763" level="INFO">Slept 500 milliseconds</msg>
<status status="PASS" starttime="20220627 10:16:58.257" endtime="20220627 10:16:58.763"/>
</kw>
<kw name="Press Keys" library="RPA.Browser.Selenium">
<arg>NONE</arg>
<arg>${index}[max_km]</arg>
<doc>Simulates the user pressing key(s) to an element or on the active browser.</doc>
<msg timestamp="20220627 10:16:58.767" level="INFO">Sending key(s) ('20000',) to page.</msg>
<msg timestamp="20220627 10:16:58.769" level="INFO">Sending keys 20000</msg>
<status status="PASS" starttime="20220627 10:16:58.765" endtime="20220627 10:16:59.274"/>
</kw>
<kw name="Sleep" library="BuiltIn">
<arg>500ms</arg>
<doc>Pauses the test executed for the given time.</doc>
<msg timestamp="20220627 10:16:59.776" level="INFO">Slept 500 milliseconds</msg>
<status status="PASS" starttime="20220627 10:16:59.275" endtime="20220627 10:16:59.777"/>
</kw>
<kw name="Click Element" library="RPA.Browser.Selenium">
<arg>xpath:/html/body/div[1]/div/main/div[1]/div[1]/div[1]/div/div[1]/form/div[1]/div[3]/div/div/div[1]</arg>
<doc>Click the element identified by ``locator``.</doc>
<msg timestamp="20220627 10:16:59.779" level="INFO">Clicking element 'xpath:/html/body/div[1]/div/main/div[1]/div[1]/div[1]/div/div[1]/form/div[1]/div[3]/div/div/div[1]'.</msg>
<status status="PASS" starttime="20220627 10:16:59.778" endtime="20220627 10:16:59.989"/>
</kw>
<kw name="Sleep" library="BuiltIn">
<arg>333ms</arg>
<doc>Pauses the test executed for the given time.</doc>
<msg timestamp="20220627 10:17:00.323" level="INFO">Slept 333 milliseconds</msg>
<status status="PASS" starttime="20220627 10:16:59.989" endtime="20220627 10:17:00.324"/>
</kw>
<kw name="Click Element" library="RPA.Browser.Selenium">
<arg>xpath:/html/body/div[1]/div/main/div[1]/div[1]/div[1]/div/div[1]/form/div[2]/div[1]/button</arg>
<doc>Click the element identified by ``locator``.</doc>
<msg timestamp="20220627 10:17:00.325" level="INFO">Clicking element 'xpath:/html/body/div[1]/div/main/div[1]/div[1]/div[1]/div/div[1]/form/div[2]/div[1]/button'.</msg>
<status status="PASS" starttime="20220627 10:17:00.324" endtime="20220627 10:17:00.755"/>
</kw>
<kw name="Wait Until Element Is Visible" library="RPA.Browser.Selenium">
<arg>xpath:/html/body/div[1]/div/main/div[2]/div[2]/section/div/div[1]/div[2]/div[1]/div[2]/div/div</arg>
<arg>10s</arg>
<doc>Waits until the element ``locator`` is visible.</doc>
<status status="PASS" starttime="20220627 10:17:00.756" endtime="20220627 10:17:13.116"/>
</kw>
<kw name="Sleep" library="BuiltIn">
<arg>3s</arg>
<doc>Pauses the test executed for the given time.</doc>
<msg timestamp="20220627 10:17:16.119" level="INFO">Slept 3 seconds</msg>
<status status="PASS" starttime="20220627 10:17:13.117" endtime="20220627 10:17:16.120"/>
</kw>
<kw name="Click Element" library="RPA.Browser.Selenium">
<arg>xpath:/html/body/div[1]/div/main/div[2]/div[2]/section/div/div[1]/div[2]/div[1]/div[2]/div/div</arg>
<doc>Click the element identified by ``locator``.</doc>
<msg timestamp="20220627 10:17:16.124" level="INFO">Clicking element 'xpath:/html/body/div[1]/div/main/div[2]/div[2]/section/div/div[1]/div[2]/div[1]/div[2]/div/div'.</msg>
<status status="PASS" starttime="20220627 10:17:16.121" endtime="20220627 10:17:16.863"/>
</kw>
<kw name="Sleep" library="BuiltIn">
<arg>3s</arg>
<doc>Pauses the test executed for the given time.</doc>
<msg timestamp="20220627 10:17:19.867" level="INFO">Slept 3 seconds</msg>
<status status="PASS" starttime="20220627 10:17:16.864" endtime="20220627 10:17:19.868"/>
</kw>
<kw name="Click Element" library="RPA.Browser.Selenium">
<arg>xpath:/html/body/div[8]/div/div/div/div[2]/div/div[6]/p</arg>
<doc>Click the element identified by ``locator``.</doc>
<msg timestamp="20220627 10:17:19.871" level="INFO">Clicking element 'xpath:/html/body/div[8]/div/div/div/div[2]/div/div[6]/p'.</msg>
<status status="PASS" starttime="20220627 10:17:19.870" endtime="20220627 10:17:20.999"/>
</kw>
<kw name="Sleep" library="BuiltIn">
<arg>5s</arg>
<doc>Pauses the test executed for the given time.</doc>
<msg timestamp="20220627 10:17:26.002" level="INFO">Slept 5 seconds</msg>
<status status="PASS" starttime="20220627 10:17:21.000" endtime="20220627 10:17:26.002"/>
</kw>
<status status="PASS" starttime="20220627 10:16:40.442" endtime="20220627 10:17:26.003"/>
</kw>
<status status="PASS" starttime="20220627 10:16:40.441" endtime="20220627 10:17:26.003"/>
</iter>
<iter>
<var name="${index}">{'make': 'Ford', 'model': 'Mustang', 'max_km': 60000}</var>
<kw name="Search Car">
<arg>${index}</arg>
<kw name="Go To" library="RPA.Browser.Selenium">
<arg>%{C_URL}</arg>
<doc>Navigates the current browser window to the provided ``url``.</doc>
<msg timestamp="20220627 10:17:26.006" level="INFO">Opening url 'https://carvago.com/'</msg>
<status status="PASS" starttime="20220627 10:17:26.005" endtime="20220627 10:17:36.629"/>
</kw>
<kw name="Maximize Browser Window" library="RPA.Browser.Selenium">
<doc>Maximizes current browser window.</doc>
<status status="PASS" starttime="20220627 10:17:36.642" endtime="20220627 10:17:36.675"/>
</kw>
<kw name="Wait Until Element Is Visible" library="RPA.Browser.Selenium">
<arg>xpath:/html/body/div[1]/div/main/div[1]/div[1]/div[1]/div/div[1]/form/div[1]/div[1]/div/div/div/div/div[1]/div[2]</arg>
<doc>Waits until the element ``locator`` is visible.</doc>
<status status="PASS" starttime="20220627 10:17:36.676" endtime="20220627 10:17:37.005"/>
</kw>
<kw name="Click Element" library="RPA.Browser.Selenium">
<arg>xpath:/html/body/div[1]/div/main/div[1]/div[1]/div[1]/div/div[1]/form/div[1]/div[1]/div/div/div/div/div[1]/div[2]</arg>
<doc>Click the element identified by ``locator``.</doc>
<msg timestamp="20220627 10:17:37.008" level="INFO">Clicking element 'xpath:/html/body/div[1]/div/main/div[1]/div[1]/div[1]/div/div[1]/form/div[1]/div[1]/div/div/div/div/div[1]/div[2]'.</msg>
<status status="PASS" starttime="20220627 10:17:37.006" endtime="20220627 10:17:37.330"/>
</kw>
<kw name="Press Keys" library="RPA.Browser.Selenium">
<arg>NONE</arg>
<arg>${index}[make]</arg>
<doc>Simulates the user pressing key(s) to an element or on the active browser.</doc>
<msg timestamp="20220627 10:17:37.333" level="INFO">Sending key(s) ('Ford',) to page.</msg>
<msg timestamp="20220627 10:17:37.335" level="INFO">Sending keys Ford</msg>
<status status="PASS" starttime="20220627 10:17:37.331" endtime="20220627 10:17:38.066"/>
</kw>
<kw name="Sleep" library="BuiltIn">
<arg>333ms</arg>
<doc>Pauses the test executed for the given time.</doc>
<msg timestamp="20220627 10:17:38.402" level="INFO">Slept 333 milliseconds</msg>
<status status="PASS" starttime="20220627 10:17:38.068" endtime="20220627 10:17:38.403"/>
</kw>
<kw name="Press Keys" library="RPA.Browser.Selenium">
<arg>NONE</arg>
<arg>TAB</arg>
<doc>Simulates the user pressing key(s) to an element or on the active browser.</doc>
<msg timestamp="20220627 10:17:38.406" level="INFO">Sending key(s) ('TAB',) to page.</msg>
<msg timestamp="20220627 10:17:38.408" level="INFO">Pressing special key TAB to browser.</msg>
<msg timestamp="20220627 10:17:38.408" level="INFO">Releasing special key TAB.</msg>
<status status="PASS" starttime="20220627 10:17:38.404" endtime="20220627 10:17:38.737"/>
</kw>
<kw name="Click Element" library="RPA.Browser.Selenium">
<arg>xpath:/html/body/div[1]/div/main/div[1]/div[1]/div[1]/div/div[1]/form/div[1]/div[2]/div/div</arg>
<doc>Click the element identified by ``locator``.</doc>
<msg timestamp="20220627 10:17:38.753" level="INFO">Clicking element 'xpath:/html/body/div[1]/div/main/div[1]/div[1]/div[1]/div/div[1]/form/div[1]/div[2]/div/div'.</msg>
<status status="PASS" starttime="20220627 10:17:38.751" endtime="20220627 10:17:39.173"/>
</kw>
<kw name="Sleep" library="BuiltIn">
<arg>500ms</arg>
<doc>Pauses the test executed for the given time.</doc>
<msg timestamp="20220627 10:17:39.677" level="INFO">Slept 500 milliseconds</msg>
<status status="PASS" starttime="20220627 10:17:39.175" endtime="20220627 10:17:39.678"/>
</kw>
<kw name="Press Keys" library="RPA.Browser.Selenium">
<arg>NONE</arg>
<arg>${index}[model]</arg>
<doc>Simulates the user pressing key(s) to an element or on the active browser.</doc>
<msg timestamp="20220627 10:17:39.684" level="INFO">Sending key(s) ('Mustang',) to page.</msg>
<msg timestamp="20220627 10:17:39.686" level="INFO">Sending keys Mustang</msg>
<status status="PASS" starttime="20220627 10:17:39.679" endtime="20220627 10:17:40.499"/>
</kw>
<kw name="Sleep" library="BuiltIn">
<arg>333ms</arg>
<doc>Pauses the test executed for the given time.</doc>
<msg timestamp="20220627 10:17:40.834" level="INFO">Slept 333 milliseconds</msg>
<status status="PASS" starttime="20220627 10:17:40.500" endtime="20220627 10:17:40.835"/>
</kw>
<kw name="Press Keys" library="RPA.Browser.Selenium">
<arg>NONE</arg>
<arg>TAB</arg>
<doc>Simulates the user pressing key(s) to an element or on the active browser.</doc>
<msg timestamp="20220627 10:17:40.837" level="INFO">Sending key(s) ('TAB',) to page.</msg>
<msg timestamp="20220627 10:17:40.838" level="INFO">Pressing special key TAB to browser.</msg>
<msg timestamp="20220627 10:17:40.838" level="INFO">Releasing special key TAB.</msg>
<status status="PASS" starttime="20220627 10:17:40.836" endtime="20220627 10:17:41.105"/>
</kw>
<kw name="Click Element" library="RPA.Browser.Selenium">
<arg>xpath:/html/body/div[1]/div/main/div[1]/div[1]/div[1]/div/div[1]/form/div[1]/div[3]/div/div/input</arg>
<doc>Click the element identified by ``locator``.</doc>
<msg timestamp="20220627 10:17:41.110" level="INFO">Clicking element 'xpath:/html/body/div[1]/div/main/div[1]/div[1]/div[1]/div/div[1]/form/div[1]/div[3]/div/div/input'.</msg>
<status status="PASS" starttime="20220627 10:17:41.108" endtime="20220627 10:17:41.628"/>
</kw>
<kw name="Sleep" library="BuiltIn">
<arg>500ms</arg>
<doc>Pauses the test executed for the given time.</doc>
<msg timestamp="20220627 10:17:42.137" level="INFO">Slept 500 milliseconds</msg>
<status status="PASS" starttime="20220627 10:17:41.630" endtime="20220627 10:17:42.138"/>
</kw>
<kw name="Press Keys" library="RPA.Browser.Selenium">
<arg>NONE</arg>
<arg>${index}[max_km]</arg>
<doc>Simulates the user pressing key(s) to an element or on the active browser.</doc>
<msg timestamp="20220627 10:17:42.141" level="INFO">Sending key(s) ('60000',) to page.</msg>
<msg timestamp="20220627 10:17:42.141" level="INFO">Sending keys 60000</msg>
<status status="PASS" starttime="20220627 10:17:42.139" endtime="20220627 10:17:42.538"/>
</kw>
<kw name="Sleep" library="BuiltIn">
<arg>500ms</arg>
<doc>Pauses the test executed for the given time.</doc>
<msg timestamp="20220627 10:17:43.040" level="INFO">Slept 500 milliseconds</msg>
<status status="PASS" starttime="20220627 10:17:42.539" endtime="20220627 10:17:43.041"/>
</kw>
<kw name="Click Element" library="RPA.Browser.Selenium">
<arg>xpath:/html/body/div[1]/div/main/div[1]/div[1]/div[1]/div/div[1]/form/div[1]/div[3]/div/div/div[1]</arg>
<doc>Click the element identified by ``locator``.</doc>
<msg timestamp="20220627 10:17:43.044" level="INFO">Clicking element 'xpath:/html/body/div[1]/div/main/div[1]/div[1]/div[1]/div/div[1]/form/div[1]/div[3]/div/div/div[1]'.</msg>
<status status="PASS" starttime="20220627 10:17:43.043" endtime="20220627 10:17:43.244"/>
</kw>
<kw name="Sleep" library="BuiltIn">
<arg>333ms</arg>
<doc>Pauses the test executed for the given time.</doc>
<msg timestamp="20220627 10:17:43.578" level="INFO">Slept 333 milliseconds</msg>
<status status="PASS" starttime="20220627 10:17:43.244" endtime="20220627 10:17:43.579"/>
</kw>
<kw name="Click Element" library="RPA.Browser.Selenium">
<arg>xpath:/html/body/div[1]/div/main/div[1]/div[1]/div[1]/div/div[1]/form/div[2]/div[1]/button</arg>
<doc>Click the element identified by ``locator``.</doc>
<msg timestamp="20220627 10:17:43.581" level="INFO">Clicking element 'xpath:/html/body/div[1]/div/main/div[1]/div[1]/div[1]/div/div[1]/form/div[2]/div[1]/button'.</msg>
<status status="PASS" starttime="20220627 10:17:43.579" endtime="20220627 10:17:43.980"/>
</kw>
<kw name="Wait Until Element Is Visible" library="RPA.Browser.Selenium">
<arg>xpath:/html/body/div[1]/div/main/div[2]/div[2]/section/div/div[1]/div[2]/div[1]/div[2]/div/div</arg>
<arg>10s</arg>
<doc>Waits until the element ``locator`` is visible.</doc>
<status status="PASS" starttime="20220627 10:17:43.981" endtime="20220627 10:17:58.077"/>
</kw>
<kw name="Sleep" library="BuiltIn">
<arg>3s</arg>
<doc>Pauses the test executed for the given time.</doc>
<msg timestamp="20220627 10:18:01.083" level="INFO">Slept 3 seconds</msg>
<status status="PASS" starttime="20220627 10:17:58.079" endtime="20220627 10:18:01.084"/>
</kw>
<kw name="Click Element" library="RPA.Browser.Selenium">
<arg>xpath:/html/body/div[1]/div/main/div[2]/div[2]/section/div/div[1]/div[2]/div[1]/div[2]/div/div</arg>
<doc>Click the element identified by ``locator``.</doc>
<msg timestamp="20220627 10:18:01.087" level="INFO">Clicking element 'xpath:/html/body/div[1]/div/main/div[2]/div[2]/section/div/div[1]/div[2]/div[1]/div[2]/div/div'.</msg>
<status status="PASS" starttime="20220627 10:18:01.085" endtime="20220627 10:18:01.673"/>
</kw>
<kw name="Sleep" library="BuiltIn">
<arg>3s</arg>
<doc>Pauses the test executed for the given time.</doc>
<msg timestamp="20220627 10:18:04.677" level="INFO">Slept 3 seconds</msg>
<status status="PASS" starttime="20220627 10:18:01.675" endtime="20220627 10:18:04.677"/>
</kw>
<kw name="Click Element" library="RPA.Browser.Selenium">
<arg>xpath:/html/body/div[8]/div/div/div/div[2]/div/div[6]/p</arg>
<doc>Click the element identified by ``locator``.</doc>
<msg timestamp="20220627 10:18:04.678" level="INFO">Clicking element 'xpath:/html/body/div[8]/div/div/div/div[2]/div/div[6]/p'.</msg>
<status status="PASS" starttime="20220627 10:18:04.678" endtime="20220627 10:18:06.011"/>
</kw>
<kw name="Sleep" library="BuiltIn">
<arg>5s</arg>
<doc>Pauses the test executed for the given time.</doc>
<msg timestamp="20220627 10:18:11.014" level="INFO">Slept 5 seconds</msg>
<status status="PASS" starttime="20220627 10:18:06.013" endtime="20220627 10:18:11.015"/>
</kw>
<status status="PASS" starttime="20220627 10:17:26.004" endtime="20220627 10:18:11.016"/>
</kw>
<status status="PASS" starttime="20220627 10:17:26.004" endtime="20220627 10:18:11.016"/>
</iter>
<iter>
<var name="${index}">{'make': 'Porsche', 'model': 911, 'max_km': 20000}</var>
<kw name="Search Car">
<arg>${index}</arg>
<kw name="Go To" library="RPA.Browser.Selenium">
<arg>%{C_URL}</arg>
<doc>Navigates the current browser window to the provided ``url``.</doc>
<msg timestamp="20220627 10:18:11.021" level="INFO">Opening url 'https://carvago.com/'</msg>
<status status="PASS" starttime="20220627 10:18:11.019" endtime="20220627 10:18:23.990"/>
</kw>
<kw name="Maximize Browser Window" library="RPA.Browser.Selenium">
<doc>Maximizes current browser window.</doc>
<status status="PASS" starttime="20220627 10:18:23.991" endtime="20220627 10:18:24.038"/>
</kw>
<kw name="Wait Until Element Is Visible" library="RPA.Browser.Selenium">
<arg>xpath:/html/body/div[1]/div/main/div[1]/div[1]/div[1]/div/div[1]/form/div[1]/div[1]/div/div/div/div/div[1]/div[2]</arg>
<doc>Waits until the element ``locator`` is visible.</doc>
<status status="PASS" starttime="20220627 10:18:24.039" endtime="20220627 10:18:24.174"/>
</kw>
<kw name="Click Element" library="RPA.Browser.Selenium">
<arg>xpath:/html/body/div[1]/div/main/div[1]/div[1]/div[1]/div/div[1]/form/div[1]/div[1]/div/div/div/div/div[1]/div[2]</arg>
<doc>Click the element identified by ``locator``.</doc>
<msg timestamp="20220627 10:18:24.176" level="INFO">Clicking element 'xpath:/html/body/div[1]/div/main/div[1]/div[1]/div[1]/div/div[1]/form/div[1]/div[1]/div/div/div/div/div[1]/div[2]'.</msg>
<status status="PASS" starttime="20220627 10:18:24.175" endtime="20220627 10:18:24.801"/>
</kw>
<kw name="Press Keys" library="RPA.Browser.Selenium">
<arg>NONE</arg>
<arg>${index}[make]</arg>
<doc>Simulates the user pressing key(s) to an element or on the active browser.</doc>
<msg timestamp="20220627 10:18:24.811" level="INFO">Sending key(s) ('Porsche',) to page.</msg>
<msg timestamp="20220627 10:18:24.815" level="INFO">Sending keys Porsche</msg>
<status status="PASS" starttime="20220627 10:18:24.802" endtime="20220627 10:18:25.799"/>
</kw>
<kw name="Sleep" library="BuiltIn">
<arg>333ms</arg>
<doc>Pauses the test executed for the given time.</doc>
<msg timestamp="20220627 10:18:26.134" level="INFO">Slept 333 milliseconds</msg>
<status status="PASS" starttime="20220627 10:18:25.800" endtime="20220627 10:18:26.135"/>
</kw>
<kw name="Press Keys" library="RPA.Browser.Selenium">
<arg>NONE</arg>
<arg>TAB</arg>
<doc>Simulates the user pressing key(s) to an element or on the active browser.</doc>
<msg timestamp="20220627 10:18:26.137" level="INFO">Sending key(s) ('TAB',) to page.</msg>
<msg timestamp="20220627 10:18:26.138" level="INFO">Pressing special key TAB to browser.</msg>
<msg timestamp="20220627 10:18:26.138" level="INFO">Releasing special key TAB.</msg>
<status status="PASS" starttime="20220627 10:18:26.136" endtime="20220627 10:18:26.306"/>
</kw>
<kw name="Click Element" library="RPA.Browser.Selenium">
<arg>xpath:/html/body/div[1]/div/main/div[1]/div[1]/div[1]/div/div[1]/form/div[1]/div[2]/div/div</arg>
<doc>Click the element identified by ``locator``.</doc>
<msg timestamp="20220627 10:18:26.308" level="INFO">Clicking element 'xpath:/html/body/div[1]/div/main/div[1]/div[1]/div[1]/div/div[1]/form/div[1]/div[2]/div/div'.</msg>
<status status="PASS" starttime="20220627 10:18:26.307" endtime="20220627 10:18:26.571"/>
</kw>
<kw name="Sleep" library="BuiltIn">
<arg>500ms</arg>
<doc>Pauses the test executed for the given time.</doc>
<msg timestamp="20220627 10:18:27.075" level="INFO">Slept 500 milliseconds</msg>
<status status="PASS" starttime="20220627 10:18:26.572" endtime="20220627 10:18:27.075"/>
</kw>
<kw name="Press Keys" library="RPA.Browser.Selenium">
<arg>NONE</arg>
<arg>${index}[model]</arg>
<doc>Simulates the user pressing key(s) to an element or on the active browser.</doc>
<msg timestamp="20220627 10:18:27.077" level="INFO">Sending key(s) ('911',) to page.</msg>
<msg timestamp="20220627 10:18:27.078" level="INFO">Sending keys 911</msg>
<status status="PASS" starttime="20220627 10:18:27.076" endtime="20220627 10:18:27.394"/>
</kw>
<kw name="Sleep" library="BuiltIn">
<arg>333ms</arg>
<doc>Pauses the test executed for the given time.</doc>
<msg timestamp="20220627 10:18:27.729" level="INFO">Slept 333 milliseconds</msg>
<status status="PASS" starttime="20220627 10:18:27.394" endtime="20220627 10:18:27.730"/>
</kw>
<kw name="Press Keys" library="RPA.Browser.Selenium">
<arg>NONE</arg>
<arg>TAB</arg>
<doc>Simulates the user pressing key(s) to an element or on the active browser.</doc>
<msg timestamp="20220627 10:18:27.735" level="INFO">Sending key(s) ('TAB',) to page.</msg>
<msg timestamp="20220627 10:18:27.738" level="INFO">Pressing special key TAB to browser.</msg>
<msg timestamp="20220627 10:18:27.739" level="INFO">Releasing special key TAB.</msg>
<status status="PASS" starttime="20220627 10:18:27.732" endtime="20220627 10:18:27.885"/>
</kw>
<kw name="Click Element" library="RPA.Browser.Selenium">
<arg>xpath:/html/body/div[1]/div/main/div[1]/div[1]/div[1]/div/div[1]/form/div[1]/div[3]/div/div/input</arg>
<doc>Click the element identified by ``locator``.</doc>
<msg timestamp="20220627 10:18:27.887" level="INFO">Clicking element 'xpath:/html/body/div[1]/div/main/div[1]/div[1]/div[1]/div/div[1]/form/div[1]/div[3]/div/div/input'.</msg>
<status status="PASS" starttime="20220627 10:18:27.885" endtime="20220627 10:18:28.511"/>
</kw>
<kw name="Sleep" library="BuiltIn">
<arg>500ms</arg>
<doc>Pauses the test executed for the given time.</doc>
<msg timestamp="20220627 10:18:29.023" level="INFO">Slept 500 milliseconds</msg>
<status status="PASS" starttime="20220627 10:18:28.513" endtime="20220627 10:18:29.024"/>
</kw>
<kw name="Press Keys" library="RPA.Browser.Selenium">
<arg>NONE</arg>
<arg>${index}[max_km]</arg>
<doc>Simulates the user pressing key(s) to an element or on the active browser.</doc>
<msg timestamp="20220627 10:18:29.028" level="INFO">Sending key(s) ('20000',) to page.</msg>
<msg timestamp="20220627 10:18:29.029" level="INFO">Sending keys 20000</msg>
<status status="PASS" starttime="20220627 10:18:29.025" endtime="20220627 10:18:29.648"/>
</kw>
<kw name="Sleep" library="BuiltIn">
<arg>500ms</arg>
<doc>Pauses the test executed for the given time.</doc>
<msg timestamp="20220627 10:18:30.150" level="INFO">Slept 500 milliseconds</msg>
<status status="PASS" starttime="20220627 10:18:29.649" endtime="20220627 10:18:30.151"/>
</kw>
<kw name="Click Element" library="RPA.Browser.Selenium">
<arg>xpath:/html/body/div[1]/div/main/div[1]/div[1]/div[1]/div/div[1]/form/div[1]/div[3]/div/div/div[1]</arg>
<doc>Click the element identified by ``locator``.</doc>
<msg timestamp="20220627 10:18:30.155" level="INFO">Clicking element 'xpath:/html/body/div[1]/div/main/div[1]/div[1]/div[1]/div/div[1]/form/div[1]/div[3]/div/div/div[1]'.</msg>
<status status="PASS" starttime="20220627 10:18:30.153" endtime="20220627 10:18:30.580"/>
</kw>
<kw name="Sleep" library="BuiltIn">
<arg>333ms</arg>
<doc>Pauses the test executed for the given time.</doc>
<msg timestamp="20220627 10:18:30.916" level="INFO">Slept 333 milliseconds</msg>
<status status="PASS" starttime="20220627 10:18:30.582" endtime="20220627 10:18:30.917"/>
</kw>
<kw name="Click Element" library="RPA.Browser.Selenium">
<arg>xpath:/html/body/div[1]/div/main/div[1]/div[1]/div[1]/div/div[1]/form/div[2]/div[1]/button</arg>
<doc>Click the element identified by ``locator``.</doc>
<msg timestamp="20220627 10:18:30.918" level="INFO">Clicking element 'xpath:/html/body/div[1]/div/main/div[1]/div[1]/div[1]/div/div[1]/form/div[2]/div[1]/button'.</msg>
<status status="PASS" starttime="20220627 10:18:30.917" endtime="20220627 10:18:31.284"/>
</kw>
<kw name="Wait Until Element Is Visible" library="RPA.Browser.Selenium">
<arg>xpath:/html/body/div[1]/div/main/div[2]/div[2]/section/div/div[1]/div[2]/div[1]/div[2]/div/div</arg>
<arg>10s</arg>
<doc>Waits until the element ``locator`` is visible.</doc>
<status status="PASS" starttime="20220627 10:18:31.285" endtime="20220627 10:18:45.992"/>
</kw>
<kw name="Sleep" library="BuiltIn">
<arg>3s</arg>
<doc>Pauses the test executed for the given time.</doc>
<msg timestamp="20220627 10:18:48.995" level="INFO">Slept 3 seconds</msg>
<status status="PASS" starttime="20220627 10:18:45.993" endtime="20220627 10:18:48.996"/>
</kw>
<kw name="Click Element" library="RPA.Browser.Selenium">
<arg>xpath:/html/body/div[1]/div/main/div[2]/div[2]/section/div/div[1]/div[2]/div[1]/div[2]/div/div</arg>
<doc>Click the element identified by ``locator``.</doc>
<msg timestamp="20220627 10:18:48.999" level="INFO">Clicking element 'xpath:/html/body/div[1]/div/main/div[2]/div[2]/section/div/div[1]/div[2]/div[1]/div[2]/div/div'.</msg>
<status status="PASS" starttime="20220627 10:18:48.997" endtime="20220627 10:18:49.671"/>
</kw>
<kw name="Sleep" library="BuiltIn">
<arg>3s</arg>
<doc>Pauses the test executed for the given time.</doc>
<msg timestamp="20220627 10:18:52.674" level="INFO">Slept 3 seconds</msg>
<status status="PASS" starttime="20220627 10:18:49.673" endtime="20220627 10:18:52.675"/>
</kw>
<kw name="Click Element" library="RPA.Browser.Selenium">
<arg>xpath:/html/body/div[8]/div/div/div/div[2]/div/div[6]/p</arg>
<doc>Click the element identified by ``locator``.</doc>
<msg timestamp="20220627 10:18:52.679" level="INFO">Clicking element 'xpath:/html/body/div[8]/div/div/div/div[2]/div/div[6]/p'.</msg>
<status status="PASS" starttime="20220627 10:18:52.677" endtime="20220627 10:18:53.954"/>
</kw>
<kw name="Sleep" library="BuiltIn">
<arg>5s</arg>
<doc>Pauses the test executed for the given time.</doc>
<msg timestamp="20220627 10:18:58.957" level="INFO">Slept 5 seconds</msg>
<status status="PASS" starttime="20220627 10:18:53.955" endtime="20220627 10:18:58.957"/>
</kw>
<status status="PASS" starttime="20220627 10:18:11.018" endtime="20220627 10:18:58.958"/>
</kw>
<status status="PASS" starttime="20220627 10:18:11.017" endtime="20220627 10:18:58.959"/>
</iter>
<status status="PASS" starttime="20220627 10:16:40.440" endtime="20220627 10:18:58.960"/>
</for>
<status status="PASS" starttime="20220627 10:16:40.352" endtime="20220627 10:18:58.961"/>
</kw>
<status status="PASS" starttime="20220627 10:16:38.143" endtime="20220627 10:18:58.964"/>
</test>
<doc>Template robot main suite.</doc>
<status status="PASS" starttime="20220627 10:16:35.785" endtime="20220627 10:18:58.969"/>
</suite>
<statistics>
<total>
<stat pass="1" fail="0" skip="0">All Tasks</stat>
</total>
<tag>
</tag>
<suite>
<stat pass="1" fail="0" skip="0" id="s1" name="Tasks">Tasks</stat>
</suite>
</statistics>
<errors>
</errors>
</robot>
